<?xml version="1.0" encoding="UTF-8"?>
<testsuite xmlns:xsi="http://www.w3.org/2001/XMLSchema-instance" xsi:noNamespaceSchemaLocation="https://maven.apache.org/surefire/maven-surefire-plugin/xsd/surefire-test-report-3.0.xsd" version="3.0" name="allaboutecm.model.MusicianUnitTest" time="0.043" tests="13" errors="0" skipped="0" failures="0">
  <properties>
[...]
</properties>
  <testcase name="equalsmusicianNameExactlyMatchAlbum" classname="allaboutecm.model.MusicianUnitTest" time="0.001"/>
  <testcase name="nullalbumSetError" classname="allaboutecm.model.MusicianUnitTest" time="0.001"/>
  <testcase name="albumsetTest" classname="allaboutecm.model.MusicianUnitTest" time="0.001"/>
  <testcase name="nullMusicianNameError" classname="allaboutecm.model.MusicianUnitTest" time="0.002"/>
  <testcase name="equalsmusicianNameMatch" classname="allaboutecm.model.MusicianUnitTest" time="0.001"/>
  <testcase name="matchMusicianName" classname="allaboutecm.model.MusicianUnitTest" time="0.003"/>
  <testcase name="URLSetTest" classname="allaboutecm.model.MusicianUnitTest" time="0.001"/>
  <testcase name="substringTest" classname="allaboutecm.model.MusicianUnitTest" time="0.001"/>
  <testcase name="MusicianNameCannotBeEmptyOrBlank(String)[1]" classname="allaboutecm.model.MusicianUnitTest" time="0.004"/>
  <testcase name="MusicianNameCannotBeEmptyOrBlank(String)[2]" classname="allaboutecm.model.MusicianUnitTest" time="0.001"/>
  <testcase name="MusicianNameCannotBeEmptyOrBlank(String)[3]" classname="allaboutecm.model.MusicianUnitTest" time="0.002"/>
  <testcase name="equalsmusicianNameDoesNotMatch" classname="allaboutecm.model.MusicianUnitTest" time="0.003"/>
  <testcase name="equalsmusicianNameExactlyMatch" classname="allaboutecm.model.MusicianUnitTest" time="0"/>
</testsuite>