<?xml version="1.0" encoding="UTF-8"?>
<testsuite xmlns:xsi="http://www.w3.org/2001/XMLSchema-instance" xsi:noNamespaceSchemaLocation="https://maven.apache.org/surefire/maven-surefire-plugin/xsd/surefire-test-report-3.0.xsd" version="3.0" name="allaboutecm.model.MusicianUnitTest" time="0.052" tests="31" errors="0" skipped="0" failures="0">
  <properties>
[...]
</properties>
  <testcase name="musicianNameCannotBeNull" classname="allaboutecm.model.MusicianUnitTest" time="0"/>
  <testcase name="urlSameOrNot" classname="allaboutecm.model.MusicianUnitTest" time="0"/>
  <testcase name="musicianNameShouldBeSepartedByASpace" classname="allaboutecm.model.MusicianUnitTest" time="0.001"/>
  <testcase name="bioSameOrNot" classname="allaboutecm.model.MusicianUnitTest" time="0.001"/>
  <testcase name="wikiPageSameOrNot" classname="allaboutecm.model.MusicianUnitTest" time="0.012"/>
  <testcase name="musicianAlbumCannotBeNull" classname="allaboutecm.model.MusicianUnitTest" time="0.001"/>
  <testcase name="equalsMusicianExactlyMatchURL" classname="allaboutecm.model.MusicianUnitTest" time="0"/>
  <testcase name="albumListCannotBeEmpty" classname="allaboutecm.model.MusicianUnitTest" time="0.001"/>
  <testcase name="equalsMusicianNameDoesNotMatch" classname="allaboutecm.model.MusicianUnitTest" time="0"/>
  <testcase name="equalsMusicianExactlyMatchAlbum" classname="allaboutecm.model.MusicianUnitTest" time="0"/>
  <testcase name="musicianSameOrNot" classname="allaboutecm.model.MusicianUnitTest" time="0"/>
  <testcase name="constructorMusicianNameLengthShouldNotBeMoreThan100Chars" classname="allaboutecm.model.MusicianUnitTest" time="0"/>
  <testcase name="personalSiteSameOrNot" classname="allaboutecm.model.MusicianUnitTest" time="0.015"/>
  <testcase name="bioBoundaryTestValid" classname="allaboutecm.model.MusicianUnitTest" time="0.001"/>
  <testcase name="constructorMusicianNameShouldBeSepartedByASpace" classname="allaboutecm.model.MusicianUnitTest" time="0.001"/>
  <testcase name="musicianNameSameOrNot" classname="allaboutecm.model.MusicianUnitTest" time="0"/>
  <testcase name="musicianNameLengthShouldAccept100Chars" classname="allaboutecm.model.MusicianUnitTest" time="0"/>
  <testcase name="constructorMusicianNameLengthShouldAccept100Chars" classname="allaboutecm.model.MusicianUnitTest" time="0.001"/>
  <testcase name="urlvalidationTest" classname="allaboutecm.model.MusicianUnitTest" time="0"/>
  <testcase name="musicianAlbumSameOrNot" classname="allaboutecm.model.MusicianUnitTest" time="0"/>
  <testcase name="personalSiteExternalCheck(String)[1]" classname="allaboutecm.model.MusicianUnitTest" time="0.001"/>
  <testcase name="personalSiteExternalCheck(String)[2]" classname="allaboutecm.model.MusicianUnitTest" time="0.001"/>
  <testcase name="MusicianNameCannotBeEmptyOrBlank(String)[1]" classname="allaboutecm.model.MusicianUnitTest" time="0.001"/>
  <testcase name="MusicianNameCannotBeEmptyOrBlank(String)[2]" classname="allaboutecm.model.MusicianUnitTest" time="0"/>
  <testcase name="MusicianNameCannotBeEmptyOrBlank(String)[3]" classname="allaboutecm.model.MusicianUnitTest" time="0"/>
  <testcase name="bioCannotBeNullOrEmpty(String)[1]" classname="allaboutecm.model.MusicianUnitTest" time="0"/>
  <testcase name="bioCannotBeNullOrEmpty(String)[2]" classname="allaboutecm.model.MusicianUnitTest" time="0"/>
  <testcase name="bioCannotBeNullOrEmpty(String)[3]" classname="allaboutecm.model.MusicianUnitTest" time="0.001"/>
  <testcase name="nullAlbumsTest" classname="allaboutecm.model.MusicianUnitTest" time="0"/>
  <testcase name="musicianNameLengthShouldNotBeMoreThan100Chars" classname="allaboutecm.model.MusicianUnitTest" time="0.001"/>
  <testcase name="bioBoundaryTestInvalid" classname="allaboutecm.model.MusicianUnitTest" time="0.001"/>
</testsuite>