<?xml version="1.0" encoding="UTF-8"?>
<testsuite xmlns:xsi="http://www.w3.org/2001/XMLSchema-instance" xsi:noNamespaceSchemaLocation="https://maven.apache.org/surefire/maven-surefire-plugin/xsd/surefire-test-report-3.0.xsd" version="3.0" name="allaboutecm.model.MusicalInstrumentUnitTest" time="0.016" tests="8" errors="0" skipped="0" failures="0">
  <properties>
[...]
</properties>
  <testcase name="musicalInstrumentCannotBeEmptyOrBlank(String)[1]" classname="allaboutecm.model.MusicalInstrumentUnitTest" time="0.001"/>
  <testcase name="musicalInstrumentCannotBeEmptyOrBlank(String)[2]" classname="allaboutecm.model.MusicalInstrumentUnitTest" time="0.001"/>
  <testcase name="musicalInstrumentCannotBeEmptyOrBlank(String)[3]" classname="allaboutecm.model.MusicalInstrumentUnitTest" time="0.001"/>
  <testcase name="musicalInstrumentCannotBeNull" classname="allaboutecm.model.MusicalInstrumentUnitTest" time="0.001"/>
  <testcase name="musicalInstrumentHashcodesEqualOrNot" classname="allaboutecm.model.MusicalInstrumentUnitTest" time="0.001"/>
  <testcase name="musicalInstrumentObjectsqualOrNot" classname="allaboutecm.model.MusicalInstrumentUnitTest" time="0.001"/>
  <testcase name="musicalInstrumentNameSameOrNot" classname="allaboutecm.model.MusicalInstrumentUnitTest" time="0.001"/>
  <testcase name="musicalInstrumentEqualOrNot" classname="allaboutecm.model.MusicalInstrumentUnitTest" time="0.001"/>
</testsuite>